
START-OF-LOG: 2.0
ARRL-SECTION: DX
CALLSIGN: LZ6DY
CLUB:  
CONTEST: LZ-OPEN
CATEGORY: SINGLE-OP 80M QRP CW
CLAIMED-SCORE: 215
OPERATORS: LZ3F
NAME: CHRISTO IGNATOV
ADDRESS: KRAKRA 5
ADDRESS: SOFIA,  1504
ADDRESS: BULGARIA
CREATED-BY: N1MM Logger+ 1.0.5053.0
QSO:  3560 CW 2015-09-05 0800 LZ6DY         001000       LZ6FY         001 000      
QSO:  3535 CW 2015-09-05 0801 LZ6DY         002           LZ6DA         002 003      
QSO:  3524 CW 2015-09-05 0801 LZ6DY         003           LZ6DK         003 003      
QSO:  3515 CW 2015-09-05 0802 LZ6DY         004           LZ6FA         002 001      
QSO:  3513 CW 2015-09-05 0803 LZ6DY         005           LZ6DE         004 004      
QSO:  3510 CW 2015-09-05 0804 LZ6DY         006           LZ6AZ         006 004      
QSO:  3522 CW 2015-09-05 0806 LZ6DY         007           LZ6DX         010 009      
QSO:  3522 CW 2015-09-05 0807 LZ6DY         008           LZ6DZ         007 008      
QSO:  3522 CW 2015-09-05 0808 LZ6DY         009           LZ6DJ         015 011      
QSO:  3522 CW 2015-09-05 0808 LZ6DY         010           LZ6AU         012 012      
QSO:  3522 CW 2015-09-05 0809 LZ6DY         011           LZ6AY         010 013      
QSO:  3522 CW 2015-09-05 0809 LZ6DY         012           LZ6AC         013 007      
QSO:  3522 CW 2015-09-05 0810 LZ6DY         013           LZ6DC         014 015      
QSO:  3522 CW 2015-09-05 0810 LZ6DY         014           LZ6AM         013 009      
QSO:  3522 CW 2015-09-05 0811 LZ6DY         015           LZ6AF         014 007      
QSO:  3522 CW 2015-09-05 0811 LZ6DY         016           LZ6DM         015 007      
QSO:  3522 CW 2015-09-05 0812 LZ6DY         017           LZ6FW         014 013      
QSO:  3522 CW 2015-09-05 0812 LZ6DY         018           LZ6FC         011 014      
QSO:  3522 CW 2015-09-05 0814 LZ6DY         019           LZ6AE         020 017      
QSO:  3553 CW 2015-09-05 0816 LZ6DY         020           LZ6FV         014 020      
QSO:  3552 CW 2015-09-05 0816 LZ6DY         021           LZ6AA         016 015      
QSO:  3540 CW 2015-09-05 0818 LZ6DY         022           LZ6AT         014 026      
QSO:  3539 CW 2015-09-05 0819 LZ6DY         023           LZ6AX         023 021      
QSO:  3512 CW 2015-09-05 0822 LZ6DY         024           LZ6FM         022 012      
QSO:  3531 CW 2015-09-05 0824 LZ6DY         025           LZ6FG         014 029      
QSO:  3521 CW 2015-09-05 0825 LZ6DY         026           LZ6FJ         018 016      
QSO:  3522 CW 2015-09-05 0828 LZ6DY         027           LZ6DL         024 023      
QSO:  3563 CW 2015-09-05 0830 LZ6DY         028           LZ6FY         023 026      
QSO:  3524 CW 2015-09-05 0831 LZ6DY         029           LZ6DK         029 029      
QSO:  3535 CW 2015-09-05 0832 LZ6DY         030           LZ6DA         026 019      
QSO:  3515 CW 2015-09-05 0832 LZ6DY         031           LZ6FA         027 023      
QSO:  3510 CW 2015-09-05 0834 LZ6DY         032           LZ6AZ         032 028      
QSO:  3513 CW 2015-09-05 0834 LZ6DY         033           LZ6DE         030 033      
QSO:  3522 CW 2015-09-05 0836 LZ6DY         034           LZ6DX         035 036      
QSO:  3522 CW 2015-09-05 0839 LZ6DY         035           LZ6AC         040 22       
QSO:  3522 CW 2015-09-05 0840 LZ6DY         036           LZ6DJ         043 034      
QSO:  3522 CW 2015-09-05 0840 LZ6DY         037           LZ6DC         038 029      
QSO:  3522 CW 2015-09-05 0841 LZ6DY         038           LZ6AM         038 035      
QSO:  3522 CW 2015-09-05 0842 LZ6DY         039           LZ6FD         028 034      
QSO:  3522 CW 2015-09-05 0843 LZ6DY         040           LZ6FW         044 038      
QSO:  3522 CW 2015-09-05 0844 LZ6DY         041           LZ6FC         035 024      
QSO:  3522 CW 2015-09-05 0844 LZ6DY         042           LZ6AU         045 027      
QSO:  3522 CW 2015-09-05 0844 LZ6DY         043           LZ6AF         043 041      
QSO:  3552 CW 2015-09-05 0846 LZ6DY         044           LZ6AA         039 027      
QSO:  3551 CW 2015-09-05 0848 LZ6DY         045           LZ6DM         043 041      
QSO:  3540 CW 2015-09-05 0848 LZ6DY         046           LZ6AT         034 053      
QSO:  3528 CW 2015-09-05 0849 LZ6DY         047           LZ6AE         052 037      
QSO:  3558 CW 2015-09-05 0850 LZ6DY         048           LZ6AR         019 045      
QSO:  3512 CW 2015-09-05 0852 LZ6DY         049           LZ6FM         046 049      
QSO:  3522 CW 2015-09-05 0853 LZ6DY         050           LZ6DF         054 039      
QSO:  3531 CW 2015-09-05 0854 LZ6DY         051           LZ6FG         036 058      
QSO:  3520 CW 2015-09-05 0856 LZ6DY         052           LZ6FJ         039 043      
QSO:  3522 CW 2015-09-05 0857 LZ6DY         053           LZ6AY         044 045      
QSO:  3525 CW 2015-09-05 0859 LZ6DY         054           LZ6DL         040 051      
QSO:  3550 CW 2015-09-05 0901 LZ6DY         055           LZ6AX         056 047      
QSO:  3524 CW 2015-09-05 0901 LZ6DY         056           LZ6DK         054 043      
QSO:  3515 CW 2015-09-05 0903 LZ6DY         057           LZ6FA         051 040      
QSO:  3535 CW 2015-09-05 0903 LZ6DY         058           LZ6DA         054 062      
QSO:  3510 CW 2015-09-05 0905 LZ6DY         059           LZ6AZ         059 058      
QSO:  3513 CW 2015-09-05 0905 LZ6DY         060           LZ6DE         057 062      
QSO:  3539 CW 2015-09-05 0906 LZ6DY         061           LZ6DX         063 067      
QSO:  3522 CW 2015-09-05 0907 LZ6DY         062           LZ6FR         046 061      
QSO:  3553 CW 2015-09-05 0909 LZ6DY         063           LZ6FY         054 066      
QSO:  3522 CW 2015-09-05 0910 LZ6DY         064           LZ6AC         067 072      
QSO:  3522 CW 2015-09-05 0911 LZ6DY         065           LZ6DJ         071 062      
QSO:  3522 CW 2015-09-05 0911 LZ6DY         066           LZ6DC         065 063      
QSO:  3522 CW 2015-09-05 0912 LZ6DY         067           LZ6AM         066 066      
QSO:  3519 CW 2015-09-05 0912 LZ6DY         068           LZ6FD         057 052      
QSO:  3522 CW 2015-09-05 0913 LZ6DY         069           LZ6DZ         054 047      
QSO:  3522 CW 2015-09-05 0915 LZ6DY         070           LZ6FW         074 065      
QSO:  3522 CW 2015-09-05 0915 LZ6DY         071           LZ6AF         070 075      
QSO:  3552 CW 2015-09-05 0916 LZ6DY         072           LZ6AA         061 070      
QSO:  3518 CW 2015-09-05 0918 LZ6DY         073           LZ6DM         069 071      
QSO:  3540 CW 2015-09-05 0919 LZ6DY         074           LZ6AT         055 080      
QSO:  3528 CW 2015-09-05 0920 LZ6DY         075           LZ6AE         081 035      
QSO:  3546 CW 2015-09-05 0921 LZ6DY         076           LZ6AU         077 037      
QSO:  3531 CW 2015-09-05 0924 LZ6DY         077           LZ6FG         061 087      
QSO:  3522 CW 2015-09-05 0926 LZ6DY         078           LZ6DF         084 064      
QSO:  3520 CW 2015-09-05 0927 LZ6DY         079           LZ6FJ         063 068      
QSO:  3512 CW 2015-09-05 0928 LZ6DY         080           LZ6FM         075 042      
QSO:  3525 CW 2015-09-05 0929 LZ6DY         081           LZ6DL         071 084      
QSO:  3561 CW 2015-09-05 0931 LZ6DY         082           LZ6AR         043 079      
QSO:  3550 CW 2015-09-05 0932 LZ6DY         083           LZ6AX         085 061      
QSO:  3524 CW 2015-09-05 0932 LZ6DY         084           LZ6DK         084 085      
QSO:  3515 CW 2015-09-05 0933 LZ6DY         085           LZ6FA         077 075      
QSO:  3535 CW 2015-09-05 0934 LZ6DY         086           LZ6DA         081 073      
QSO:  3542 CW 2015-09-05 0935 LZ6DY         087           LZ6AY         061 085      
QSO:  3510 CW 2015-09-05 0936 LZ6DY         088           LZ6AZ         084 069      
QSO:  3513 CW 2015-09-05 0936 LZ6DY         089           LZ6DE         087 092      
QSO:  3539 CW 2015-09-05 0936 LZ6DY         090           LZ6DX         089 084      
QSO:  3530 CW 2015-09-05 0937 LZ6DY         091           LZ6FR         068 074      
QSO:  3522 CW 2015-09-05 0941 LZ6DY         092           LZ6AC         097 067      
QSO:  3522 CW 2015-09-05 0941 LZ6DY         093           LZ6DC         087 086      
QSO:  3522 CW 2015-09-05 0943 LZ6DY         094           LZ6DJ         097 090      
QSO:  3522 CW 2015-09-05 0943 LZ6DY         095           LZ6AM         091 065      
QSO:  3522 CW 2015-09-05 0944 LZ6DY         096           LZ6FD         082 074      
QSO:  3522 CW 2015-09-05 0945 LZ6DY         097           LZ6FW         104 091      
QSO:  3552 CW 2015-09-05 0946 LZ6DY         098           LZ6AA         079 099      
QSO:  3533 CW 2015-09-05 0948 LZ6DY         099           LZ6DZ         084 081      
QSO:  3517 CW 2015-09-05 0948 LZ6DY         100           LZ6DM         091 098      
QSO:  3519 CW 2015-09-05 0950 LZ6DY         101           LZ6FC         089 108      
QSO:  3540 CW 2015-09-05 0951 LZ6DY         102           LZ6AT         084 111      
QSO:  3546 CW 2015-09-05 0952 LZ6DY         103           LZ6AU         107 084      
QSO:  3528 CW 2015-09-05 0953 LZ6DY         104           LZ6AE         111 095      
QSO:  3531 CW 2015-09-05 0954 LZ6DY         105           LZ6FG         084 108      
QSO:  3549 CW 2015-09-05 0955 LZ6DY         106           LZ6FY         081 075      
QSO:  3522 CW 2015-09-05 0957 LZ6DY         107           LZ6AF         107 111      
QSO:  3520 CW 2015-09-05 0957 LZ6DY         108           LZ6FJ         088 072      
QSO:  3522 CW 2015-09-05 0958 LZ6DY         109           LZ6DF         114 112      
QSO:  3512 CW 2015-09-05 0959 LZ6DY         110           LZ6FM         101 077      
QSO:  3559 CW 2015-09-05 1002 LZ6DY         111           LZ6AR         062 089      
QSO:  3550 CW 2015-09-05 1002 LZ6DY         112           LZ6AX         113 110      
QSO:  3524 CW 2015-09-05 1003 LZ6DY         113           LZ6DK         113 112      
QSO:  3515 CW 2015-09-05 1003 LZ6DY         114           LZ6FA         102 094      
QSO:  3535 CW 2015-09-05 1005 LZ6DY         115           LZ6DA         112 102      
QSO:  3542 CW 2015-09-05 1006 LZ6DY         116           LZ6AY         083 096      
QSO:  3510 CW 2015-09-05 1006 LZ6DY         117           LZ6AZ         114 107      
QSO:  3539 CW 2015-09-05 1007 LZ6DY         118           LZ6DX         117 104      
QSO:  3530 CW 2015-09-05 1007 LZ6DY         119           LZ6FR         095 102      
QSO:  3513 CW 2015-09-05 1010 LZ6DY         120           LZ6DE         120 124      
QSO:  3522 CW 2015-09-05 1011 LZ6DY         121           LZ6DC         114 120      
QSO:  3522 CW 2015-09-05 1012 LZ6DY         122           LZ6AC         127 111      
QSO:  3522 CW 2015-09-05 1014 LZ6DY         123           LZ6DJ         126 123      
QSO:  3522 CW 2015-09-05 1015 LZ6DY         124           LZ6FW         133 116      
QSO:  3522 CW 2015-09-05 1015 LZ6DY         125           LZ6FD         106 117      
QSO:  3552 CW 2015-09-05 1017 LZ6DY         126           LZ6AA         107 129      
QSO:  3522 CW 2015-09-05 1017 LZ6DY         127           LZ6AM         118 111      
QSO:  3517 CW 2015-09-05 1018 LZ6DY         128           LZ6DM         115 132      
QSO:  3533 CW 2015-09-05 1020 LZ6DY         129           LZ6DL         108 110      
QSO:  3519 CW 2015-09-05 1021 LZ6DY         130           LZ6FC         114 137      
QSO:  3540 CW 2015-09-05 1021 LZ6DY         131           LZ6AT         110 141      
QSO:  3546 CW 2015-09-05 1022 LZ6DY         132           LZ6AU         135 118      
QSO:  3528 CW 2015-09-05 1023 LZ6DY         133           LZ6AE         141 119      
QSO:  3533 CW 2015-09-05 1025 LZ6DY         134           LZ6DZ         115 112      
QSO:  3549 CW 2015-09-05 1026 LZ6DY         135           LZ6FY         105 104      
QSO:  3520 CW 2015-09-05 1028 LZ6DY         136           LZ6FJ         112 138      
QSO:  3522 CW 2015-09-05 1028 LZ6DY         137           LZ6DF         139 111      
QSO:  3522 CW 2015-09-05 1029 LZ6DY         138           LZ6AF         133 137      
QSO:  3522 CW 2015-09-05 1033 LZ6DY         139           LZ6AX         142 139      
QSO:  3524 CW 2015-09-05 1034 LZ6DY         140           LZ6DK         143 136      
QSO:  3515 CW 2015-09-05 1034 LZ6DY         141           LZ6FA         126 121      
QSO:  3560 CW 2015-09-05 1035 LZ6DY         142           LZ6AR         087 146      
QSO:  3535 CW 2015-09-05 1036 LZ6DY         143           LZ6DA         137 147      
QSO:  3542 CW 2015-09-05 1037 LZ6DY         144           LZ6AY         104 147      
QSO:  3510 CW 2015-09-05 1038 LZ6DY         145           LZ6AZ         140 132      
QSO:  3539 CW 2015-09-05 1038 LZ6DY         146           LZ6DX         144 141      
QSO:  3530 CW 2015-09-05 1038 LZ6DY         147           LZ6FR         123 129      
QSO:  3522 CW 2015-09-05 1042 LZ6DY         148           LZ6DC         140 146      
QSO:  3522 CW 2015-09-05 1045 LZ6DY         149           LZ6FW         162 143      
QSO:  3522 CW 2015-09-05 1045 LZ6DY         150           LZ6DJ         154 138      
QSO:  3513 CW 2015-09-05 1046 LZ6DY         151           LZ6DE         151 131      
QSO:  3522 CW 2015-09-05 1047 LZ6DY         152           LZ6FD         132 150      
QSO:  3522 CW 2015-09-05 1047 LZ6DY         153           LZ6AM         140 136      
QSO:  3522 CW 2015-09-05 1048 LZ6DY         154           LZ6AC         159 147      
QSO:  3552 CW 2015-09-05 1048 LZ6DY         155           LZ6AA         134 158      
QSO:  3517 CW 2015-09-05 1049 LZ6DY         156           LZ6DM         140 152      
QSO:  3540 CW 2015-09-05 1051 LZ6DY         157           LZ6AT         135 169      
QSO:  3546 CW 2015-09-05 1052 LZ6DY         158           LZ6AU         162 145      
QSO:  3528 CW 2015-09-05 1054 LZ6DY         159           LZ6AE         169 138      
QSO:  3533 CW 2015-09-05 1056 LZ6DY         160           LZ6DZ         141 164      
QSO:  3549 CW 2015-09-05 1056 LZ6DY         161           LZ6FY         131 141      
QSO:  3522 CW 2015-09-05 1059 LZ6DY         162           LZ6DL         140 160      
QSO:  3522 CW 2015-09-05 1059 LZ6DY         163           LZ6DF         167 132      
QSO:  3522 CW 2015-09-05 1059 LZ6DY         164           LZ6AF         160 162      
QSO:  3520 CW 2015-09-05 1100 LZ6DY         165           LZ6FJ         134 144      
QSO:  3519 CW 2015-09-05 1103 LZ6DY         166           LZ6FC         145 164      
QSO:  3522 CW 2015-09-05 1104 LZ6DY         167           LZ6AX         168 145      
QSO:  3524 CW 2015-09-05 1104 LZ6DY         168           LZ6DK         169 173      
QSO:  3515 CW 2015-09-05 1105 LZ6DY         169           LZ6FA         147 144      
QSO:  3535 CW 2015-09-05 1106 LZ6DY         170           LZ6DA         164 175      
QSO:  3539 CW 2015-09-05 1108 LZ6DY         171           LZ6DX         168 156      
QSO:  3510 CW 2015-09-05 1108 LZ6DY         172           LZ6AZ         167 176      
QSO:  3530 CW 2015-09-05 1109 LZ6DY         173           LZ6FR         150 129      
QSO:  3522 CW 2015-09-05 1115 LZ6DY         174           LZ6FW         191 167      
QSO:  3555 CW 2015-09-05 1116 LZ6DY         175           LZ6DC         169 159      
QSO:  3537 CW 2015-09-05 1116 LZ6DY         176           LZ6DJ         182 191      
QSO:  3522 CW 2015-09-05 1117 LZ6DY         177           LZ6FV         126 179      
QSO:  3517 CW 2015-09-05 1120 LZ6DY         178           LZ6DM         168 180      
QSO:  3513 CW 2015-09-05 1120 LZ6DY         179           LZ6DE         179 181      
QSO:  3519 CW 2015-09-05 1121 LZ6DY         180           LZ6FD         162 164      
QSO:  3540 CW 2015-09-05 1122 LZ6DY         181           LZ6AT         160 180      
QSO:  3552 CW 2015-09-05 1123 LZ6DY         182           LZ6AA         156 164      
QSO:  3546 CW 2015-09-05 1124 LZ6DY         183           LZ6AU         190 189      
QSO:  3528 CW 2015-09-05 1125 LZ6DY         184           LZ6AE         197 164      
QSO:  3533 CW 2015-09-05 1126 LZ6DY         185           LZ6DZ         165 162      
QSO:  3538 CW 2015-09-05 1127 LZ6DY         186           LZ6AC         195 182      
QSO:  3549 CW 2015-09-05 1127 LZ6DY         187           LZ6FY         154 163      
QSO:  3522 CW 2015-09-05 1129 LZ6DY         188           LZ6AF         187 185      
QSO:  3522 CW 2015-09-05 1130 LZ6DY         189           LZ6DF         195 170      
QSO:  3520 CW 2015-09-05 1133 LZ6DY         190           LZ6FJ         159 192      
QSO:  3519 CW 2015-09-05 1134 LZ6DY         191           LZ6FC         171 196      
QSO:  3524 CW 2015-09-05 1134 LZ6DY         192           LZ6DK         195 190      
QSO:  3521 CW 2015-09-05 1137 LZ6DY         193           LZ6FA         174 162      
QSO:  3521 CW 2015-09-05 1137 LZ6DY         194           LZ6AX         098 172      
QSO:  3535 CW 2015-09-05 1138 LZ6DY         195           LZ6DA         191 169      
QSO:  3510 CW 2015-09-05 1138 LZ6DY         196           LZ6AZ         192 204      
QSO:  3539 CW 2015-09-05 1139 LZ6DY         197           LZ6DX         195 179      
QSO:  3530 CW 2015-09-05 1140 LZ6DY         198           LZ6FR         175 171      
QSO:  3521 CW 2015-09-05 1144 LZ6DY         199           LZ6DL         176 170      
QSO:  3532 CW 2015-09-05 1146 LZ6DY         200           LZ6FW         216 177      
QSO:  3521 CW 2015-09-05 1147 LZ6DY         201           LZ6DJ         208 218      
QSO:  3555 CW 2015-09-05 1147 LZ6DY         202           LZ6DC         197 207      
QSO:  3531 CW 2015-09-05 1148 LZ6DY         203           LZ6FG         104 219      
QSO:  3513 CW 2015-09-05 1150 LZ6DY         204           LZ6DE         204 223      
QSO:  3517 CW 2015-09-05 1151 LZ6DY         205           LZ6DM         195 205      
QSO:  3521 CW 2015-09-05 1152 LZ6DY         206           LZ6FV         146 186      
QSO:  3519 CW 2015-09-05 1153 LZ6DY         207           LZ6FD         187 145      
QSO:  3540 CW 2015-09-05 1153 LZ6DY         208           LZ6AT         186 226      
QSO:  3552 CW 2015-09-05 1154 LZ6DY         209           LZ6AA         183 198      
QSO:  3546 CW 2015-09-05 1154 LZ6DY         210           LZ6AU         217 217      
QSO:  3528 CW 2015-09-05 1155 LZ6DY         211           LZ6AE         225 189      
QSO:  3549 CW 2015-09-05 1157 LZ6DY         212           LZ6FY         177 212      
QSO:  3538 CW 2015-09-05 1158 LZ6DY         213           LZ6AC         222 212      
QSO:  3533 CW 2015-09-05 1159 LZ6DY         214           LZ6DZ         195 218      
QSO:  3522 CW 2015-09-05 1200 LZ6DY         215           LZ6AF         215 194      
END-OF-LOG:
