START-OF-LOG: 2.0
ARRL-SECTION: DX
CALLSIGN: LZ6FA
CLUB:  
CONTEST: LZ-OPEN
CATEGORY: SINGLE-OP-ASSISTED ALL HIGH CW
CLAIMED-SCORE: 184
OPERATORS: LZ6HF
NAME: 
ADDRESS: 
ADDRESS: ,  
ADDRESS: BULGARIA
CREATED-BY: N1MM Logger+ 1.0.5035.0
QSO:  3500 CW 2015-09-05 0801 LZ6FA         001 #         LZ6FV         001 000      
QSO:  3500 CW 2015-09-05 0802 LZ6FA         002 001       LZ6DY         004 003      
QSO:  3500 CW 2015-09-05 0802 LZ6FA         003 004       LZ6AM         004 002      
QSO:  3500 CW 2015-09-05 0803 LZ6FA         004 004       LZ6DM         002 002      
QSO:  3500 CW 2015-09-05 0803 LZ6FA         005 002       LZ6AF         005 003      
QSO:  3500 CW 2015-09-05 0804 LZ6FA         006 005       LZ6AT         002 004      
QSO:  3500 CW 2015-09-05 0805 LZ6FA         007 002       LZ6DC         009 004      
QSO:  3500 CW 2015-09-05 0805 LZ6FA         008 009       LZ6AC         008 007      
QSO:  3500 CW 2015-09-05 0806 LZ6FA         009 008       LZ6DN         007 008      
QSO:  3500 CW 2015-09-05 0806 LZ6FA         010 007       LZ6AU         010 005      
QSO:  3500 CW 2015-09-05 0807 LZ6FA         011 010       LZ6DJ         014 010      
QSO:  3500 CW 2015-09-05 0807 LZ6FA         012 014       LZ6AN         013 010      
QSO:  3500 CW 2015-09-05 0808 LZ6FA         013 013       LZ6DF         012 004      
QSO:  3500 CW 2015-09-05 0808 LZ6FA         014 012       LZ6DX         013 009      
QSO:  3500 CW 2015-09-05 0808 LZ6FA         015 013       LZ6AX         012 011      
QSO:  3500 CW 2015-09-05 0810 LZ6FA         016 012       LZ6AY         012 012      
QSO:  3500 CW 2015-09-05 0812 LZ6FA         017 012       LZ6DK         015 015      
QSO:  3500 CW 2015-09-05 0813 LZ6FA         018 015       LZ6FW         016 016      
QSO:  3500 CW 2015-09-05 0814 LZ6FA         019 016       LZ6AZ         017 010      
QSO:  3500 CW 2015-09-05 0814 LZ6FA         020 017       LZ6FR         009 017      
QSO:  3500 CW 2015-09-05 0817 LZ6FA         021 009       LZ6DA         021 019      
QSO:  3500 CW 2015-09-05 0817 LZ6FA         022 021       LZ6FG         007 019      
QSO:  3500 CW 2015-09-05 0820 LZ6FA         023 007       LZ6FD         013 021      
QSO:  3500 CW 2015-09-05 0823 LZ6FA         024 013       LZ6FC         020 017      
QSO:  3500 CW 2015-09-05 0823 LZ6FA         025 020       LZ6DL         021 028      
QSO:  3500 CW 2015-09-05 0830 LZ6FA         026 021       LZ6DZ         023 025      
QSO:  3500 CW 2015-09-05 0832 LZ6FA         027 023       LZ6DY         031 026      
QSO:  3500 CW 2015-09-05 0833 LZ6FA         029 028       LZ6XX         032 029      
QSO:  3500 CW 2015-09-05 0833 LZ6FA         030 032       LZ6FJ         020 035      
QSO:  3500 CW 2015-09-05 0833 LZ6FA         028 031       LZ6DM         028 026      
QSO:  3500 CW 2015-09-05 0835 LZ6FA         031 028       LZ6AM         034 029      
QSO:  3500 CW 2015-09-05 0835 LZ6FA         032 034       LZ6DC         033 030      
QSO:  3500 CW 2015-09-05 0836 LZ6FA         033 033       LZ6AF         033 031      
QSO:  3500 CW 2015-09-05 0837 LZ6FA         034 033       LZ6AN         039 037      
QSO:  3500 CW 2015-09-05 0837 LZ6FA         035 039       LZ6FY         028 033      
QSO:  3500 CW 2015-09-05 0837 LZ6FA         036 028       LZ6AC         038 040      
QSO:  3500 CW 2015-09-05 0838 LZ6FA         037 038       LZ6DF         039 025      
QSO:  3500 CW 2015-09-05 0839 LZ6FA         038 039       LZ6DN         035 031      
QSO:  3500 CW 2015-09-05 0839 LZ6FA         039 035       LZ6DJ         041 035      
QSO:  3500 CW 2015-09-05 0839 LZ6FA         040 041       LZ6AU         039 038      
QSO:  3500 CW 2015-09-05 0840 LZ6FA         041 039       LZ6AX         037 030      
QSO:  3500 CW 2015-09-05 0842 LZ6FA         042 037       LZ6DX         041 025      
QSO:  3500 CW 2015-09-05 0842 LZ6FA         043 041       LZ6DK         041 038      
QSO:  3500 CW 2015-09-05 0845 LZ6FA         044 041       LZ6FW         047 042      
QSO:  3500 CW 2015-09-05 0847 LZ6FA         045 047       LZ6AY         032 037      
QSO:  3500 CW 2015-09-05 0847 LZ6FA         046 032       LZ6AZ         046 016      
QSO:  3500 CW 2015-09-05 0854 LZ6FA         047 046       LZ6FD         040 053      
QSO:  3500 CW 2015-09-05 0855 LZ6FA         048 040       LZ6DA         048 049      
QSO:  3500 CW 2015-09-05 0856 LZ6FA         049 048       LZ6FG         038 048      
QSO:  3500 CW 2015-09-05 0858 LZ6FA         050 038       LZ6FR         040 039      
QSO:  3500 CW 2015-09-05 0903 LZ6FA         051 040       LZ6DY         057 054      
QSO:  3500 CW 2015-09-05 0904 LZ6FA         052 057       LZ6DZ         050 054      
QSO:  3500 CW 2015-09-05 0904 LZ6FA         053 050       LZ6DM         052 055      
QSO:  3500 CW 2015-09-05 0905 LZ6FA         054 052       LZ6AM         060 053      
QSO:  3500 CW 2015-09-05 0906 LZ6FA         055 060       LZ6DC         059 053      
QSO:  3500 CW 2015-09-05 0906 LZ6FA         056 059       LZ6AF         059 051      
QSO:  3500 CW 2015-09-05 0907 LZ6FA         057 059       LZ6AN         070 068      
QSO:  3500 CW 2015-09-05 0908 LZ6FA         058 070       LZ6AC         065 063      
QSO:  3500 CW 2015-09-05 0909 LZ6FA         059 065       LZ6DF         068 049      
QSO:  3500 CW 2015-09-05 0909 LZ6FA         060 068       LZ6AU         069 065      
QSO:  3500 CW 2015-09-05 0910 LZ6FA         061 069       LZ6FC         055 059      
QSO:  3500 CW 2015-09-05 0910 LZ6FA         062 055       LZ6DJ         070 060      
QSO:  3500 CW 2015-09-05 0911 LZ6FA         063 070       LZ6DN         064 068      
QSO:  3500 CW 2015-09-05 0911 LZ6FA         064 064       LZ6AX         064 069      
QSO:  3500 CW 2015-09-05 0911 LZ6FA         065 064       LZ6AR         028 041      
QSO:  3500 CW 2015-09-05 0912 LZ6FA         066 028       LZ6DX         070 045      
QSO:  3500 CW 2015-09-05 0913 LZ6FA         067 070       LZ6FV         049 061      
QSO:  3500 CW 2015-09-05 0913 LZ6FA         068 049       LZ6DK         069 063      
QSO:  3500 CW 2015-09-05 0915 LZ6FA         069 069       LZ6FY         061 066      
QSO:  3500 CW 2015-09-05 0917 LZ6FA         070 061       LZ6FW         077 072      
QSO:  3500 CW 2015-09-05 0918 LZ6FA         071 077       LZ6FM         067 060      
QSO:  3500 CW 2015-09-05 0919 LZ6FA         072 067       LZ6AZ         073 073      
QSO:  3500 CW 2015-09-05 0926 LZ6FA         073 073       LZ6FD         067 082      
QSO:  3500 CW 2015-09-05 0928 LZ6FA         074 067       LZ6FR         062 064      
QSO:  3500 CW 2015-09-05 0933 LZ6FA         076 072       LZ6DZ         075 080      
QSO:  3500 CW 2015-09-05 0933 LZ6FA         075 062       LZ6DL         072 081      
QSO:  3500 CW 2015-09-05 0933 LZ6FA         077 075       LZ6DY         085 084      
QSO:  3500 CW 2015-09-05 0936 LZ6FA         078 085       LZ6AT         071 081      
QSO:  3500 CW 2015-09-05 0936 LZ6FA         079 071       LZ6AF         088 078      
QSO:  3500 CW 2015-09-05 0937 LZ6FA         080 088       LZ6DM         077 085      
QSO:  3500 CW 2015-09-05 0937 LZ6FA         081 077       LZ6AM         085 080      
QSO:  3500 CW 2015-09-05 0937 LZ6FA         082 085       LZ6AN         098 095      
QSO:  3500 CW 2015-09-05 0939 LZ6FA         083 098       LZ6AC         095 089      
QSO:  3500 CW 2015-09-05 0939 LZ6FA         084 095       LZ6DC         083 076      
QSO:  3500 CW 2015-09-05 0939 LZ6FA         085 083       LZ6DF         097 065      
QSO:  3500 CW 2015-09-05 0940 LZ6FA         086 097       LZ6AU         096 090      
QSO:  3500 CW 2015-09-05 0940 LZ6FA         087 096       LZ6FC         080 080      
QSO:  3500 CW 2015-09-05 0942 LZ6FA         088 080       LZ6DN         094 092      
QSO:  3500 CW 2015-09-05 0942 LZ6FA         089 094       LZ6AX         093 098      
QSO:  3500 CW 2015-09-05 0943 LZ6FA         090 093       LZ6DJ         096 093      
QSO:  3500 CW 2015-09-05 0943 LZ6FA         091 096       LZ6DX         095 085      
QSO:  3500 CW 2015-09-05 0944 LZ6FA         092 095       LZ6DK         095 091      
QSO:  3500 CW 2015-09-05 0945 LZ6FA         093 095       LZ6DA         094 092      
QSO:  3500 CW 2015-09-05 0946 LZ6FA         094 094       LZ6FG         076 095      
QSO:  3500 CW 2015-09-05 0947 LZ6FA         095 076       LZ6FW         107 101      
QSO:  3500 CW 2015-09-05 0948 LZ6FA         096 107       LZ6FM         096 075      
QSO:  3500 CW 2015-09-05 0953 LZ6FA         097 096       LZ6AZ         103 080      
QSO:  3500 CW 2015-09-05 0954 LZ6FA         098 103       LZ6AA         089 082      
QSO:  3500 CW 2015-09-05 0958 LZ6FA         099 089       LZ6FD         094 073      
QSO:  3500 CW 2015-09-05 0958 LZ6FA         100 094       LZ6AY         075 095      
QSO:  3500 CW 2015-09-05 1003 LZ6FA         101 075       LZ6DL         094 115      
QSO:  3500 CW 2015-09-05 1003 LZ6FA         102 094       LZ6DY         114 113      
QSO:  3500 CW 2015-09-05 1006 LZ6FA         103 114       LZ6AF         114 104      
QSO:  3500 CW 2015-09-05 1007 LZ6FA         104 114       LZ6AM         108 113      
QSO:  3500 CW 2015-09-05 1008 LZ6FA         105 108       LZ6AN         129 098      
QSO:  3500 CW 2015-09-05 1009 LZ6FA         106 129       LZ6DC         109 122      
QSO:  3500 CW 2015-09-05 1010 LZ6FA         107 109       LZ6DF         125 119      
QSO:  3500 CW 2015-09-05 1010 LZ6FA         108 125       LZ6DM         107 090      
QSO:  3500 CW 2015-09-05 1011 LZ6FA         109 107       LZ6FC         105 113      
QSO:  3500 CW 2015-09-05 1011 LZ6FA         110 105       LZ6AU         127 118      
QSO:  3500 CW 2015-09-05 1012 LZ6FA         111 127       LZ6AC         126 119      
QSO:  3500 CW 2015-09-05 1012 LZ6FA         112 126       LZ6DN         123 123      
QSO:  3500 CW 2015-09-05 1013 LZ6FA         114 124       LZ6AX         122 126      
QSO:  3500 CW 2015-09-05 1013 LZ6FA         113 123       LZ6DJ         124 122      
QSO:  3500 CW 2015-09-05 1014 LZ6FA         115 124       LZ6DX         123 095      
QSO:  3500 CW 2015-09-05 1015 LZ6FA         116 123       LZ6DK         126 117      
QSO:  3500 CW 2015-09-05 1017 LZ6FA         117 126       LZ6FW         136 110      
QSO:  3500 CW 2015-09-05 1019 LZ6FA         118 136       LZ6FV         090 121      
QSO:  3500 CW 2015-09-05 1024 LZ6FA         119 090       LZ6AR         075 101      
QSO:  3500 CW 2015-09-05 1027 LZ6FA         120 075       LZ6AZ         133 116      
QSO:  3500 CW 2015-09-05 1028 LZ6FA         121 133       LZ6FD         118 133      
QSO:  3500 CW 2015-09-05 1031 LZ6FA         122 118       LZ6AY         100 120      
QSO:  3500 CW 2015-09-05 1032 LZ6FA         123 100       LZ6FY         108 103      
QSO:  3500 CW 2015-09-05 1033 LZ6FA         124 108       LZ6DL         119 144      
QSO:  3500 CW 2015-09-05 1033 LZ6FA         125 119       LZ6AT         121 118      
QSO:  3500 CW 2015-09-05 1034 LZ6FA         126 121       LZ6DY         141 143      
QSO:  3500 CW 2015-09-05 1035 LZ6FA         127 141       LZ6AA         122 117      
QSO:  3500 CW 2015-09-05 1036 LZ6FA         128 122       LZ6AF         139 102      
QSO:  3500 CW 2015-09-05 1038 LZ6FA         129 139       LZ6FR         122 122      
QSO:  3500 CW 2015-09-05 1038 LZ6FA         130 122       LZ6AM         133 139      
QSO:  3500 CW 2015-09-05 1039 LZ6FA         131 133       LZ6AN         156 123      
QSO:  3500 CW 2015-09-05 1040 LZ6FA         132 156       LZ6DC         137 089      
QSO:  3500 CW 2015-09-05 1041 LZ6FA         133 137       LZ6DF         152 126      
QSO:  3500 CW 2015-09-05 1041 LZ6FA         134 152       LZ6DM         134 126      
QSO:  3500 CW 2015-09-05 1042 LZ6FA         135 134       LZ6AU         154 147      
QSO:  3500 CW 2015-09-05 1043 LZ6FA         136 154       LZ6AX         148 159      
QSO:  3500 CW 2015-09-05 1044 LZ6FA         137 148       LZ6AC         155 120      
QSO:  3500 CW 2015-09-05 1044 LZ6FA         138 155       LZ6DJ         153 151      
QSO:  3500 CW 2015-09-05 1046 LZ6FA         139 153       LZ6DK         154 145      
QSO:  3500 CW 2015-09-05 1047 LZ6FA         140 154       LZ6FW         163 149      
QSO:  3500 CW 2015-09-05 1049 LZ6FA         141 163       LZ6DN         154 165      
QSO:  3500 CW 2015-09-05 1050 LZ6FA         142 154       LZ6DX         155 132      
QSO:  3500 CW 2015-09-05 1052 LZ6FA         143 155       LZ6FV         109 154      
QSO:  3500 CW 2015-09-05 1057 LZ6FA         144 109       LZ6AZ         159 128      
QSO:  3500 CW 2015-09-05 1102 LZ6FA         145 159       LZ6DA         159 150      
QSO:  3500 CW 2015-09-05 1103 LZ6FA         146 159       LZ6DL         144 162      
QSO:  3500 CW 2015-09-05 1105 LZ6FA         147 144       LZ6DY         169 169      
QSO:  3500 CW 2015-09-05 1105 LZ6FA         148 169       LZ6AT         148 146      
QSO:  3500 CW 2015-09-05 1106 LZ6FA         149 148       LZ6AY         124 165      
QSO:  3500 CW 2015-09-05 1106 LZ6FA         150 124       LZ6AR         101 135      
QSO:  3500 CW 2015-09-05 1107 LZ6FA         151 101       LZ6AA         148 143      
QSO:  3500 CW 2015-09-05 1108 LZ6FA         153 148       LZ6AF         166 155      
QSO:  3500 CW 2015-09-05 1108 LZ6FA         152 148       LZ6FR         148 148      
QSO:  3500 CW 2015-09-05 1109 LZ6FA         154 148       LZ6AN         185 150      
QSO:  3500 CW 2015-09-05 1110 LZ6FA         155 185       LZ6DF         177 168      
QSO:  3500 CW 2015-09-05 1111 LZ6FA         156 177       LZ6DC         162 167      
QSO:  3500 CW 2015-09-05 1111 LZ6FA         157 162       LZ6FD         154 169      
QSO:  3500 CW 2015-09-05 1112 LZ6FA         158 154       LZ6AM         155 170      
QSO:  3500 CW 2015-09-05 1112 LZ6FA         159 155       LZ6DZ         158 171      
QSO:  3500 CW 2015-09-05 1113 LZ6FA         160 158       LZ6FY         140 168      
QSO:  3500 CW 2015-09-05 1113 LZ6FA         161 140       LZ6DM         162 173      
QSO:  3500 CW 2015-09-05 1114 LZ6FA         162 162       LZ6AU         180 174      
QSO:  3500 CW 2015-09-05 1114 LZ6FA         163 180       LZ6AX         175 165      
QSO:  3500 CW 2015-09-05 1115 LZ6FA         164 175       LZ6DJ         180 177      
QSO:  3500 CW 2015-09-05 1116 LZ6FA         165 180       LZ6DK         181 170      
QSO:  3500 CW 2015-09-05 1117 LZ6FA         166 181       LZ6FW         192 174      
QSO:  3500 CW 2015-09-05 1117 LZ6FA         167 192       LZ6AC         183 174      
QSO:  3500 CW 2015-09-05 1121 LZ6FA         168 183       LZ6FC         161 171      
QSO:  3500 CW 2015-09-05 1121 LZ6FA         169 161       LZ6DX         183 159      
QSO:  3500 CW 2015-09-05 1122 LZ6FA         170 183       LZ6DN         182 172      
QSO:  3500 CW 2015-09-05 1132 LZ6FA         171 182       LZ6DA         184 174      
QSO:  3500 CW 2015-09-05 1134 LZ6FA         172 184       LZ6AZ         190 206      
QSO:  3500 CW 2015-09-05 1136 LZ6FA         173 190       LZ6FJ         162 198      
QSO:  3500 CW 2015-09-05 1136 LZ6FA         174 162       LZ6DY         193 195      
QSO:  3500 CW 2015-09-05 1140 LZ6FA         175 193       LZ6DF         204 202      
QSO:  3500 CW 2015-09-05 1141 LZ6FA         176 204       LZ6AN         213 172      
QSO:  3500 CW 2015-09-05 1142 LZ6FA         177 213       LZ6FR         180 181      
QSO:  3500 CW 2015-09-05 1144 LZ6FA         178 180       LZ6AT         176 182      
QSO:  3500 CW 2015-09-05 1145 LZ6FA         179 176       LZ6AU         207 098      
QSO:  3500 CW 2015-09-05 1146 LZ6FA         180 207       LZ6AX         204 197      
QSO:  3500 CW 2015-09-05 1146 LZ6FA         181 204       LZ6AA         181 183      
QSO:  3500 CW 2015-09-05 1147 LZ6FA         182 181       LZ6DC         195 217      
QSO:  3500 CW 2015-09-05 1149 LZ6FA         183 195       LZ6DM         192 167      
QSO:  3500 CW 2015-09-05 1150 LZ6FA         184 192       LZ6DL         182 214      
QSO:  3500 CW 2015-09-05 1151 LZ6FA         185 182       LZ6DK         210 105      
QSO:  3500 CW 2015-09-05 1152 LZ6FA         186 210       LZ6FW         224 203      
QSO:  3500 CW 2015-09-05 1152 LZ6FA         187 224       LZ6FG         106 207      
QSO:  3500 CW 2015-09-05 1153 LZ6FA         188 106       LZ6DZ         187 207      
QSO:  3500 CW 2015-09-05 1154 LZ6FA         189 187       LZ6FY         173 227      
QSO:  3500 CW 2015-09-05 1158 LZ6FA         190 173       LZ6FD         192 191      
QSO:  3500 CW 2015-09-05 1159 LZ6FA         191 192       LZ6DN         213 176      
END-OF-LOG:
